<?xml version="1.0" encoding="UTF-8"?>
<!-- Generated by org.testng.reporters.JUnitXMLReporter -->
<testsuite ignored="0" hostname="SCRY" failures="0" tests="4" name="Default test" time="53.246" errors="0" timestamp="2026-03-04T10:50:58 IST">
  <testcase classname="tests.LoginTest" name="loginTest" time="1.461"/>
  <testcase classname="tests.LoginTest" name="loginTest" time="2.037"/>
  <testcase classname="tests.LoginTest" name="loginTest" time="4.062"/>
  <testcase classname="tests.LoginTest" name="loginTest" time="2.475"/>
</testsuite> <!-- Default test -->
