<?xml version="1.0" encoding="UTF-8"?>
<!-- Generated by org.testng.reporters.JUnitXMLReporter -->
<testsuite ignored="0" hostname="SCRY" failures="0" tests="5" name="ChromeTests" time="65.084" errors="0" timestamp="2026-03-04T14:24:18 IST">
  <testcase classname="tests.LoginTest" name="loginTest" time="2.532"/>
  <testcase classname="tests.LoginTest" name="loginTest" time="3.411"/>
  <testcase classname="tests.LoginTest" name="loginTest" time="6.343"/>
  <testcase classname="tests.LoginTest" name="loginTest" time="4.497"/>
  <testcase classname="tests.OrderTest" name="completeOrderFlow" time="7.346"/>
</testsuite> <!-- ChromeTests -->
