<?xml version="1.0" encoding="UTF-8"?>
<testng-results ignored="0" total="5" passed="5" failed="0" skipped="0">
  <reporter-output>
  </reporter-output>
  <suite started-at="2026-03-04T14:23:12 IST" name="SauceSuite" finished-at="2026-03-04T14:24:17 IST" duration-ms="65084">
    <groups>
    </groups>
    <test started-at="2026-03-04T14:23:12 IST" name="ChromeTests" finished-at="2026-03-04T14:24:17 IST" duration-ms="65084">
      <class name="tests.LoginTest">
        <test-method is-config="true" signature="setup(java.lang.String)[pri:0, instance:tests.LoginTest@6dc17b83]" started-at="2026-03-04T14:23:14 IST" name="setup" finished-at="2026-03-04T14:23:27 IST" duration-ms="12902" status="PASS">
          <params>
            <param index="0">
              <value>
                <![CDATA[chrome]]>
              </value>
            </param>
          </params>
          <reporter-output>
          </reporter-output>
        </test-method> <!-- setup -->
        <test-method signature="loginTest(java.lang.String,java.lang.String,java.lang.String)[pri:0, instance:tests.LoginTest@6dc17b83]" started-at="2026-03-04T14:23:27 IST" name="loginTest" data-provider="loginData" finished-at="2026-03-04T14:23:29 IST" duration-ms="2532" status="PASS">
          <params>
            <param index="0">
              <value>
                <![CDATA[user1]]>
              </value>
            </param>
            <param index="1">
              <value>
                <![CDATA[pswd123]]>
              </value>
            </param>
            <param index="2">
              <value>
                <![CDATA[error]]>
              </value>
            </param>
          </params>
          <reporter-output>
          </reporter-output>
        </test-method> <!-- loginTest -->
        <test-method is-config="true" signature="tearDown()[pri:0, instance:tests.LoginTest@6dc17b83]" started-at="2026-03-04T14:23:29 IST" name="tearDown" finished-at="2026-03-04T14:23:30 IST" duration-ms="1167" status="PASS">
          <reporter-output>
          </reporter-output>
        </test-method> <!-- tearDown -->
        <test-method is-config="true" signature="setup(java.lang.String)[pri:0, instance:tests.LoginTest@6dc17b83]" started-at="2026-03-04T14:23:30 IST" name="setup" finished-at="2026-03-04T14:23:35 IST" duration-ms="4727" status="PASS">
          <params>
            <param index="0">
              <value>
                <![CDATA[chrome]]>
              </value>
            </param>
          </params>
          <reporter-output>
          </reporter-output>
        </test-method> <!-- setup -->
        <test-method signature="loginTest(java.lang.String,java.lang.String,java.lang.String)[pri:0, instance:tests.LoginTest@6dc17b83]" started-at="2026-03-04T14:23:35 IST" name="loginTest" data-provider="loginData" finished-at="2026-03-04T14:23:39 IST" duration-ms="3411" status="PASS">
          <params>
            <param index="0">
              <value>
                <![CDATA[user2]]>
              </value>
            </param>
            <param index="1">
              <value>
                <![CDATA[pswd123]]>
              </value>
            </param>
            <param index="2">
              <value>
                <![CDATA[error]]>
              </value>
            </param>
          </params>
          <reporter-output>
          </reporter-output>
        </test-method> <!-- loginTest -->
        <test-method is-config="true" signature="tearDown()[pri:0, instance:tests.LoginTest@6dc17b83]" started-at="2026-03-04T14:23:39 IST" name="tearDown" finished-at="2026-03-04T14:23:40 IST" duration-ms="1141" status="PASS">
          <reporter-output>
          </reporter-output>
        </test-method> <!-- tearDown -->
        <test-method is-config="true" signature="setup(java.lang.String)[pri:0, instance:tests.LoginTest@6dc17b83]" started-at="2026-03-04T14:23:40 IST" name="setup" finished-at="2026-03-04T14:23:46 IST" duration-ms="6663" status="PASS">
          <params>
            <param index="0">
              <value>
                <![CDATA[chrome]]>
              </value>
            </param>
          </params>
          <reporter-output>
          </reporter-output>
        </test-method> <!-- setup -->
        <test-method signature="loginTest(java.lang.String,java.lang.String,java.lang.String)[pri:0, instance:tests.LoginTest@6dc17b83]" started-at="2026-03-04T14:23:46 IST" name="loginTest" data-provider="loginData" finished-at="2026-03-04T14:23:53 IST" duration-ms="6343" status="PASS">
          <params>
            <param index="0">
              <value>
                <![CDATA[]]>
              </value>
            </param>
            <param index="1">
              <value>
                <![CDATA[]]>
              </value>
            </param>
            <param index="2">
              <value>
                <![CDATA[empty]]>
              </value>
            </param>
          </params>
          <reporter-output>
          </reporter-output>
        </test-method> <!-- loginTest -->
        <test-method is-config="true" signature="tearDown()[pri:0, instance:tests.LoginTest@6dc17b83]" started-at="2026-03-04T14:23:53 IST" name="tearDown" finished-at="2026-03-04T14:23:54 IST" duration-ms="1448" status="PASS">
          <reporter-output>
          </reporter-output>
        </test-method> <!-- tearDown -->
        <test-method is-config="true" signature="setup(java.lang.String)[pri:0, instance:tests.LoginTest@6dc17b83]" started-at="2026-03-04T14:23:54 IST" name="setup" finished-at="2026-03-04T14:23:59 IST" duration-ms="4413" status="PASS">
          <params>
            <param index="0">
              <value>
                <![CDATA[chrome]]>
              </value>
            </param>
          </params>
          <reporter-output>
          </reporter-output>
        </test-method> <!-- setup -->
        <test-method signature="loginTest(java.lang.String,java.lang.String,java.lang.String)[pri:0, instance:tests.LoginTest@6dc17b83]" started-at="2026-03-04T14:23:59 IST" name="loginTest" data-provider="loginData" finished-at="2026-03-04T14:24:03 IST" duration-ms="4497" status="PASS">
          <params>
            <param index="0">
              <value>
                <![CDATA[standard_user]]>
              </value>
            </param>
            <param index="1">
              <value>
                <![CDATA[secret_sauce]]>
              </value>
            </param>
            <param index="2">
              <value>
                <![CDATA[success]]>
              </value>
            </param>
          </params>
          <reporter-output>
          </reporter-output>
        </test-method> <!-- loginTest -->
        <test-method is-config="true" signature="tearDown()[pri:0, instance:tests.LoginTest@6dc17b83]" started-at="2026-03-04T14:24:03 IST" name="tearDown" finished-at="2026-03-04T14:24:04 IST" duration-ms="875" status="PASS">
          <reporter-output>
          </reporter-output>
        </test-method> <!-- tearDown -->
      </class> <!-- tests.LoginTest -->
      <class name="tests.OrderTest">
        <test-method is-config="true" signature="setup(java.lang.String)[pri:0, instance:tests.OrderTest@5c5eefef]" started-at="2026-03-04T14:24:04 IST" name="setup" finished-at="2026-03-04T14:24:09 IST" duration-ms="4886" status="PASS">
          <params>
            <param index="0">
              <value>
                <![CDATA[chrome]]>
              </value>
            </param>
          </params>
          <reporter-output>
          </reporter-output>
        </test-method> <!-- setup -->
        <test-method signature="completeOrderFlow()[pri:0, instance:tests.OrderTest@5c5eefef]" started-at="2026-03-04T14:24:09 IST" name="completeOrderFlow" finished-at="2026-03-04T14:24:16 IST" duration-ms="7346" status="PASS">
          <reporter-output>
          </reporter-output>
        </test-method> <!-- completeOrderFlow -->
        <test-method is-config="true" signature="tearDown()[pri:0, instance:tests.OrderTest@5c5eefef]" started-at="2026-03-04T14:24:16 IST" name="tearDown" finished-at="2026-03-04T14:24:17 IST" duration-ms="599" status="PASS">
          <reporter-output>
          </reporter-output>
        </test-method> <!-- tearDown -->
      </class> <!-- tests.OrderTest -->
    </test> <!-- ChromeTests -->
  </suite> <!-- SauceSuite -->
</testng-results>
