<?xml version="1.0" encoding="UTF-8"?>
<!-- Generated by org.testng.reporters.JUnitReportReporter -->
<testsuite hostname="SCRY" failures="0" tests="4" name="tests.LoginTest" time="50.119" errors="0" timestamp="2026-03-04T14:24:19 IST" skipped="0">
  <testcase classname="tests.LoginTest" name="loginTest" time="16.601"/>
  <testcase classname="tests.LoginTest" name="loginTest" time="12.211"/>
  <testcase classname="tests.LoginTest" name="loginTest" time="10.949"/>
  <testcase classname="tests.LoginTest" name="loginTest" time="10.358"/>
</testsuite> <!-- tests.LoginTest -->
